0 info it worked if it ends with ok
1 verbose cli [ 'C:\\Program Files\\nodejs\\node.exe',
1 verbose cli   'C:\\Program Files\\nodejs\\node_modules\\npm\\bin\\npm-cli.js',
1 verbose cli   'run',
1 verbose cli   'test' ]
2 info using npm@3.10.9
3 info using node@v6.9.2
4 verbose run-script [ 'pretest', 'test', 'posttest' ]
5 info lifecycle fake-queue@1.0.3~pretest: fake-queue@1.0.3
6 silly lifecycle fake-queue@1.0.3~pretest: no script for pretest, continuing
7 info lifecycle fake-queue@1.0.3~test: fake-queue@1.0.3
8 verbose lifecycle fake-queue@1.0.3~test: unsafe-perm in lifecycle true
9 verbose lifecycle fake-queue@1.0.3~test: PATH: C:\Program Files\nodejs\node_modules\npm\bin\node-gyp-bin;D:\Shared\MyFiles\Labs\Node\Queues\fake-queue\node_modules\.bin;C:\Users\Ricardo\bin;C:\Program Files\Git\mingw64\bin;C:\Program Files\Git\usr\local\bin;C:\Program Files\Git\usr\bin;C:\Program Files\Git\usr\bin;C:\Program Files\Git\mingw64\bin;C:\Program Files\Git\usr\bin;C:\Users\Ricardo\bin;C:\WINDOWS\system32;D:\Shared\MyApps\apache-maven-3.3.3\bin;D:\Program Files\apache-ant-1.9.7\bin;D:\Shared\MyApps\android-sdk\platform-tools;D:\Shared\MyApps\android-sdk\tools;C:\Program Files\SlikSvn\bin;C:\Users\Ricardo\AppData\Roaming\npm;C:\Program Files (x86)\Skype\Phone;C:\WINDOWS;C:\WINDOWS\System32\Wbem;C:\WINDOWS\System32\WindowsPowerShell\v1.0;C:\Ruby24-x64\bin;C:\Users\Ricardo\AppData\Local\Microsoft\WindowsApps;C:\Program Files\nodejs;D:\Program Files\Java\jdk1.8.0_91\jre\bin;D:\Program Files\Git\cmd;D:\Program Files\curl_745_0_ssl;C:\Program Files (x86)\Microsoft VS Code\bin;D:\Program Files;C:\Users\Ricardo\AppData\Local\Programs\Python\Python36;C:\Users\Ricardo\AppData\Local\Programs\Python\Python36\Scripts;C:\Python27\Scripts;C:\Program Files\Git\usr\bin\vendor_perl;C:\Program Files\Git\usr\bin\core_perl
10 verbose lifecycle fake-queue@1.0.3~test: CWD: D:\Shared\MyFiles\Labs\Node\Queues\fake-queue
11 silly lifecycle fake-queue@1.0.3~test: Args: [ '/d /s /c', 'expresso test.js' ]
12 silly lifecycle fake-queue@1.0.3~test: Returned: code: 1  signal: null
13 info lifecycle fake-queue@1.0.3~test: Failed to exec test script
14 verbose stack Error: fake-queue@1.0.3 test: `expresso test.js`
14 verbose stack Exit status 1
14 verbose stack     at EventEmitter.<anonymous> (C:\Program Files\nodejs\node_modules\npm\lib\utils\lifecycle.js:255:16)
14 verbose stack     at emitTwo (events.js:106:13)
14 verbose stack     at EventEmitter.emit (events.js:191:7)
14 verbose stack     at ChildProcess.<anonymous> (C:\Program Files\nodejs\node_modules\npm\lib\utils\spawn.js:40:14)
14 verbose stack     at emitTwo (events.js:106:13)
14 verbose stack     at ChildProcess.emit (events.js:191:7)
14 verbose stack     at maybeClose (internal/child_process.js:877:16)
14 verbose stack     at Process.ChildProcess._handle.onexit (internal/child_process.js:226:5)
15 verbose pkgid fake-queue@1.0.3
16 verbose cwd D:\Shared\MyFiles\Labs\Node\Queues\fake-queue
17 error Windows_NT 10.0.15063
18 error argv "C:\\Program Files\\nodejs\\node.exe" "C:\\Program Files\\nodejs\\node_modules\\npm\\bin\\npm-cli.js" "run" "test"
19 error node v6.9.2
20 error npm  v3.10.9
21 error code ELIFECYCLE
22 error fake-queue@1.0.3 test: `expresso test.js`
22 error Exit status 1
23 error Failed at the fake-queue@1.0.3 test script 'expresso test.js'.
23 error Make sure you have the latest version of node.js and npm installed.
23 error If you do, this is most likely a problem with the fake-queue package,
23 error not with npm itself.
23 error Tell the author that this fails on your system:
23 error     expresso test.js
23 error You can get information on how to open an issue for this project with:
23 error     npm bugs fake-queue
23 error Or if that isn't available, you can get their info via:
23 error     npm owner ls fake-queue
23 error There is likely additional logging output above.
24 verbose exit [ 1, true ]
